SF:lib\models\compte.dart
DA:14,2
DA:27,1
DA:28,1
DA:29,1
DA:30,1
DA:31,1
DA:32,1
DA:33,1
DA:34,1
DA:35,2
DA:36,1
DA:37,1
DA:41,1
DA:42,1
DA:44,1
DA:45,1
DA:46,1
DA:47,2
DA:48,1
DA:49,2
DA:50,1
DA:51,2
DA:52,1
DA:53,1
DA:54,1
DA:55,0
DA:60,1
DA:63,1
DA:64,3
DA:65,3
DA:66,3
DA:67,3
DA:68,3
DA:69,3
DA:70,3
DA:71,3
DA:72,3
DA:73,3
DA:74,2
DA:75,1
DA:77,1
DA:79,3
DA:80,2
DA:81,3
DA:82,3
DA:83,3
DA:84,3
DA:85,3
DA:86,3
DA:87,3
DA:88,1
LF:51
LH:50
end_of_record
SF:lib\models\dette.dart
DA:11,0
DA:19,0
DA:20,0
DA:21,0
DA:22,0
DA:23,0
DA:24,0
DA:27,0
DA:28,0
DA:29,0
DA:30,0
DA:31,0
DA:32,0
DA:49,1
DA:63,0
DA:64,0
DA:65,0
DA:66,0
DA:67,0
DA:68,0
DA:69,0
DA:70,0
DA:71,0
DA:72,0
DA:73,0
DA:75,0
DA:76,0
DA:79,0
DA:80,0
DA:81,0
DA:82,0
DA:83,0
DA:84,0
DA:85,0
DA:86,0
DA:87,0
DA:88,0
DA:89,0
DA:90,0
DA:91,0
DA:93,0
DA:94,0
LF:42
LH:1
end_of_record
SF:lib\services\argent_service.dart
DA:11,0
DA:12,0
DA:13,0
DA:15,0
DA:16,0
DA:21,0
DA:22,0
DA:23,0
DA:25,0
DA:26,0
DA:27,0
DA:28,0
DA:29,0
DA:30,0
DA:31,0
DA:32,0
DA:33,0
DA:34,0
DA:35,0
DA:40,0
DA:41,0
DA:42,0
DA:44,0
DA:45,0
DA:46,0
DA:47,0
DA:48,0
DA:51,0
DA:52,0
DA:53,0
DA:54,0
DA:55,0
DA:57,0
DA:60,0
DA:61,0
DA:62,0
DA:65,0
DA:66,0
DA:67,0
DA:70,0
DA:71,0
DA:74,0
DA:75,0
DA:76,0
DA:79,0
DA:80,0
DA:81,0
DA:85,0
DA:86,0
DA:88,0
DA:89,0
DA:92,0
DA:93,0
DA:96,0
DA:97,0
DA:98,0
DA:99,0
DA:102,0
DA:103,0
DA:106,0
DA:107,0
DA:108,0
DA:109,0
DA:111,0
DA:112,0
DA:119,0
DA:123,0
DA:124,0
DA:125,0
DA:126,0
DA:127,0
DA:129,0
DA:130,0
DA:133,0
DA:134,0
DA:135,0
DA:136,0
DA:137,0
DA:139,0
DA:140,0
DA:145,0
DA:146,0
DA:147,0
DA:148,0
DA:150,0
DA:151,0
DA:153,0
DA:154,0
DA:155,0
DA:156,0
DA:162,0
DA:164,0
DA:165,0
DA:166,0
DA:168,0
DA:170,0
DA:171,0
DA:174,0
DA:175,0
DA:178,0
DA:180,0
DA:181,0
DA:183,0
DA:184,0
DA:186,0
DA:187,0
DA:188,0
DA:189,0
DA:190,0
DA:194,0
DA:199,0
DA:200,0
DA:201,0
DA:202,0
DA:203,0
DA:205,0
DA:207,0
DA:209,0
DA:214,0
DA:215,0
DA:216,0
DA:218,0
DA:220,0
DA:221,0
DA:223,0
DA:224,0
DA:225,0
DA:226,0
DA:229,0
DA:231,0
DA:232,0
DA:233,0
DA:234,0
DA:235,0
DA:238,0
DA:239,0
DA:241,0
DA:242,0
DA:244,0
DA:247,0
DA:248,0
DA:249,0
DA:250,0
DA:252,0
DA:254,0
DA:256,0
DA:257,0
DA:261,0
DA:262,0
DA:263,0
DA:264,0
DA:266,0
DA:267,0
DA:268,0
DA:269,0
DA:271,0
DA:272,0
DA:273,0
DA:274,0
DA:277,0
DA:280,0
DA:281,0
DA:283,0
DA:284,0
DA:285,0
DA:286,0
DA:287,0
DA:288,0
DA:292,0
DA:293,0
DA:295,0
DA:297,0
DA:299,0
DA:300,0
DA:301,0
DA:302,0
DA:307,0
DA:310,0
DA:311,0
DA:312,0
DA:313,0
DA:314,0
DA:315,0
DA:316,0
DA:318,0
DA:322,0
DA:323,0
DA:325,0
DA:329,0
DA:330,0
DA:331,0
DA:333,0
DA:334,0
DA:335,0
DA:336,0
DA:338,0
DA:343,0
DA:344,0
DA:346,0
DA:347,0
DA:349,0
DA:350,0
DA:351,0
DA:354,0
DA:355,0
DA:356,0
DA:359,0
DA:360,0
DA:361,0
DA:362,0
DA:365,0
DA:367,0
DA:368,0
DA:369,0
DA:370,0
DA:371,0
DA:372,0
DA:374,0
DA:375,0
DA:382,0
DA:389,0
DA:390,0
DA:391,0
DA:393,0
DA:394,0
DA:395,0
DA:396,0
DA:398,0
DA:399,0
DA:400,0
DA:402,0
DA:403,0
DA:404,0
DA:405,0
DA:409,0
LF:235
LH:0
end_of_record
SF:lib\models\categorie.dart
DA:15,1
DA:30,0
DA:31,0
DA:32,0
DA:33,0
DA:34,0
DA:35,0
DA:36,0
DA:37,0
DA:38,0
DA:39,0
DA:40,0
DA:41,0
DA:42,0
DA:45,0
DA:46,0
DA:47,0
DA:48,0
DA:49,0
DA:50,0
DA:51,0
DA:52,0
DA:53,0
DA:54,0
DA:55,0
DA:56,0
DA:57,0
DA:67,1
DA:74,0
DA:75,0
DA:76,0
DA:77,0
DA:78,0
DA:81,0
DA:82,0
DA:83,0
DA:84,0
DA:85,0
DA:86,0
LF:39
LH:2
end_of_record
SF:lib\models\transaction_model.dart
DA:7,2
DA:8,2
DA:21,4
DA:22,4
DA:42,2
DA:60,2
DA:61,1
DA:62,1
DA:63,2
DA:64,2
DA:65,1
DA:66,1
DA:67,1
DA:68,1
DA:69,2
DA:70,1
DA:71,1
DA:72,1
DA:73,1
DA:74,1
DA:75,1
DA:78,1
DA:79,1
DA:80,1
DA:81,1
DA:82,2
DA:83,2
DA:84,2
DA:85,1
DA:86,2
DA:87,1
DA:88,1
DA:89,1
DA:90,1
DA:91,1
DA:92,1
DA:93,1
DA:94,1
DA:95,0
LF:39
LH:38
end_of_record
SF:lib\services\firebase_service.dart
DA:10,3
DA:11,2
DA:12,1
DA:18,0
DA:20,0
DA:31,0
DA:33,0
DA:34,0
DA:36,0
DA:37,0
DA:38,0
DA:39,0
DA:41,0
DA:44,0
DA:45,0
DA:46,0
DA:49,0
DA:50,0
DA:51,0
DA:53,0
DA:54,0
DA:55,0
DA:56,0
DA:57,0
DA:58,0
DA:59,0
DA:60,0
DA:61,0
DA:62,0
DA:65,0
DA:68,0
DA:69,0
DA:70,0
DA:72,0
DA:73,0
DA:74,0
DA:75,0
DA:76,0
DA:78,0
DA:81,0
DA:82,0
DA:84,0
DA:86,0
DA:87,0
DA:89,0
DA:91,0
DA:92,0
DA:93,0
DA:94,0
DA:95,0
DA:97,0
DA:101,0
DA:102,0
DA:103,0
DA:105,0
DA:106,0
DA:107,0
DA:108,0
DA:109,0
DA:110,0
DA:111,0
DA:112,0
DA:113,0
DA:114,0
DA:115,0
DA:116,0
DA:117,0
DA:118,0
DA:119,0
DA:123,0
DA:124,0
DA:125,0
DA:126,0
DA:129,0
DA:130,0
DA:131,0
DA:132,0
DA:133,0
DA:137,0
DA:138,0
DA:139,0
DA:140,0
DA:141,0
DA:142,0
DA:147,0
DA:149,0
DA:150,0
DA:152,0
DA:154,0
DA:155,0
DA:158,0
DA:162,0
DA:163,0
DA:165,0
DA:166,0
DA:167,0
DA:168,0
DA:174,0
DA:180,0
DA:182,0
DA:183,0
DA:185,0
DA:186,0
DA:187,0
DA:189,0
DA:195,0
DA:196,0
DA:198,0
DA:203,0
DA:205,0
DA:208,0
DA:210,0
DA:211,0
DA:214,0
DA:216,0
DA:219,0
DA:221,0
DA:222,0
DA:230,0
DA:239,0
DA:244,0
DA:246,0
DA:247,0
DA:249,0
DA:250,0
DA:251,0
DA:253,0
DA:259,0
DA:261,0
DA:264,0
DA:266,0
DA:267,0
DA:270,0
DA:272,0
DA:273,0
DA:275,0
DA:278,0
DA:280,0
DA:288,0
DA:297,0
DA:303,0
DA:304,0
DA:305,0
DA:307,0
DA:308,0
DA:309,0
DA:310,0
DA:313,0
DA:314,0
DA:317,0
DA:319,0
DA:320,0
DA:321,0
DA:323,0
DA:324,0
DA:325,0
DA:326,0
DA:328,0
DA:329,0
DA:332,0
DA:333,0
DA:334,0
DA:337,0
DA:339,0
DA:345,0
DA:346,0
DA:347,0
DA:349,0
DA:354,0
DA:355,0
DA:356,0
DA:359,0
DA:368,0
DA:369,0
DA:370,0
DA:371,0
DA:372,0
DA:373,0
DA:374,0
DA:378,0
DA:379,0
DA:380,0
DA:381,0
DA:382,0
DA:385,0
DA:386,0
DA:389,0
DA:390,0
DA:393,0
DA:394,0
DA:395,0
DA:396,0
DA:399,0
DA:403,0
DA:404,0
DA:405,0
DA:406,0
DA:407,0
DA:409,0
DA:410,0
DA:411,0
DA:414,0
DA:418,0
DA:419,0
DA:420,0
DA:424,0
DA:425,0
DA:426,0
DA:427,0
DA:428,0
DA:432,0
DA:433,0
DA:434,0
DA:435,0
DA:436,0
DA:437,0
DA:442,0
DA:444,0
DA:445,0
DA:447,0
DA:449,0
DA:450,0
DA:453,0
DA:457,0
DA:458,0
DA:460,0
DA:461,0
DA:462,0
DA:463,0
DA:468,0
DA:470,0
DA:476,0
DA:482,0
DA:484,0
DA:485,0
DA:487,0
DA:488,0
DA:489,0
DA:491,0
DA:497,0
DA:498,0
DA:500,0
DA:505,0
DA:507,0
DA:510,0
DA:512,0
DA:515,0
DA:517,0
DA:520,0
DA:522,0
DA:531,0
DA:533,0
DA:542,0
DA:547,0
DA:549,0
DA:550,0
DA:552,0
DA:553,0
DA:554,0
DA:556,0
DA:563,0
DA:565,0
DA:568,0
DA:570,0
DA:571,0
DA:574,0
DA:576,0
DA:577,0
DA:580,0
DA:582,0
DA:591,0
DA:593,0
DA:602,0
DA:608,0
DA:609,0
DA:610,0
DA:612,0
DA:613,0
DA:614,0
DA:615,0
DA:618,0
DA:619,0
DA:622,0
DA:624,0
DA:625,0
DA:626,0
DA:628,0
DA:629,0
DA:630,0
DA:631,0
DA:633,0
DA:634,0
DA:637,0
DA:638,0
DA:639,0
DA:642,0
DA:644,0
DA:650,0
DA:651,0
DA:653,0
DA:655,0
DA:660,0
DA:663,0
DA:664,0
DA:665,0
DA:668,0
DA:678,0
DA:681,0
DA:682,0
DA:686,0
DA:687,0
DA:689,0
DA:691,0
DA:692,0
DA:693,0
DA:694,0
DA:695,0
DA:696,0
DA:697,0
DA:698,0
DA:699,0
DA:700,0
DA:704,0
DA:705,0
DA:707,0
DA:709,0
DA:710,0
DA:712,0
DA:714,0
DA:715,0
DA:716,0
DA:717,0
DA:718,0
DA:719,0
DA:721,0
LF:335
LH:3
end_of_record
SF:lib\models\fractionnement_model.dart
DA:8,2
DA:16,4
DA:17,2
DA:18,2
DA:19,2
DA:20,2
DA:21,2
DA:24,1
DA:25,1
DA:26,1
DA:27,1
DA:28,2
DA:29,1
DA:30,1
DA:34,1
DA:41,1
DA:42,1
DA:43,0
DA:44,0
DA:45,1
DA:46,1
DA:56,2
DA:62,2
DA:63,10
DA:64,8
DA:65,8
DA:67,2
DA:68,1
DA:69,5
DA:70,1
DA:73,1
DA:74,1
DA:75,1
DA:76,1
DA:77,3
DA:78,1
DA:79,2
LF:37
LH:35
end_of_record
SF:lib\widgets\liste_categories_enveloppes.dart
DA:14,1
DA:24,1
DA:25,1
DA:26,1
DA:27,1
DA:28,0
DA:32,1
DA:34,2
DA:37,1
DA:39,2
DA:40,1
DA:41,2
DA:43,1
DA:46,1
DA:47,4
DA:50,1
DA:52,1
DA:53,1
DA:54,1
DA:56,1
DA:57,2
DA:60,1
DA:61,1
DA:62,1
DA:66,1
DA:72,2
DA:74,1
DA:75,2
DA:76,1
DA:78,1
DA:79,2
DA:80,3
DA:83,1
DA:85,7
DA:86,1
DA:87,3
DA:90,3
DA:91,3
DA:92,3
DA:98,1
DA:99,2
DA:101,2
DA:102,2
DA:103,2
DA:106,2
DA:107,2
DA:108,2
DA:111,0
DA:112,0
DA:113,0
DA:114,0
DA:124,1
DA:127,2
DA:128,1
DA:131,2
DA:133,1
DA:134,1
DA:135,3
DA:137,1
DA:139,1
DA:141,1
DA:142,2
DA:144,1
DA:150,1
DA:151,0
DA:152,0
DA:153,0
DA:155,0
DA:156,0
DA:158,0
DA:160,0
DA:172,1
DA:174,1
DA:179,1
DA:181,0
DA:183,0
DA:185,1
DA:186,1
DA:187,1
DA:191,1
DA:193,1
DA:202,1
DA:207,1
DA:209,1
DA:211,0
DA:212,0
DA:214,0
DA:219,1
DA:220,1
DA:221,1
DA:222,1
DA:224,0
DA:231,1
DA:232,0
DA:234,0
DA:235,0
DA:245,0
DA:246,0
DA:247,0
DA:248,0
DA:251,0
DA:252,0
DA:262,0
DA:263,0
DA:264,0
DA:265,0
DA:270,1
DA:272,1
DA:273,1
DA:275,2
DA:276,1
DA:278,1
DA:283,1
DA:285,1
DA:287,1
DA:288,2
DA:289,1
DA:292,1
DA:303,0
DA:304,0
DA:305,0
DA:306,0
DA:307,0
DA:308,0
DA:311,0
DA:312,0
DA:313,0
DA:315,0
DA:316,0
DA:317,0
DA:320,0
DA:321,0
DA:324,0
DA:325,0
DA:341,1
DA:343,1
DA:345,1
DA:353,1
DA:354,1
DA:355,2
DA:357,1
DA:363,1
DA:364,0
DA:365,0
DA:366,0
DA:368,0
DA:369,0
DA:371,0
DA:373,0
DA:383,1
DA:385,0
DA:387,0
DA:389,1
DA:390,1
DA:391,1
DA:395,1
DA:397,1
DA:406,1
DA:411,1
DA:413,1
DA:414,1
DA:416,1
DA:418,0
DA:419,0
DA:421,0
DA:426,1
DA:427,1
DA:429,1
DA:430,1
DA:431,1
DA:432,1
DA:434,0
DA:440,2
DA:441,1
DA:442,1
DA:443,0
DA:445,1
DA:446,1
DA:448,0
DA:449,0
DA:451,0
DA:452,0
DA:454,0
DA:455,0
DA:456,0
DA:457,0
DA:465,0
DA:467,0
DA:468,0
DA:472,0
DA:473,0
DA:478,0
DA:479,0
DA:481,0
DA:482,0
DA:486,0
DA:490,0
DA:491,0
DA:496,0
DA:501,0
DA:503,0
DA:504,0
DA:505,0
DA:507,0
DA:512,0
DA:514,0
DA:515,0
DA:516,0
DA:517,0
DA:520,0
DA:526,0
DA:528,0
DA:531,0
DA:532,0
DA:542,0
DA:544,0
DA:547,0
DA:549,0
DA:552,0
DA:555,0
DA:561,0
DA:564,0
DA:565,0
DA:577,0
DA:578,0
DA:593,2
DA:594,1
DA:595,1
DA:596,0
DA:598,1
DA:599,1
DA:601,0
DA:610,0
DA:612,0
DA:614,0
DA:615,0
DA:616,0
DA:619,0
DA:627,1
DA:628,0
DA:635,0
DA:636,0
DA:637,0
DA:640,0
DA:647,0
DA:648,0
DA:649,0
DA:655,1
DA:656,1
DA:658,1
DA:659,1
DA:660,1
DA:661,1
DA:663,1
DA:667,1
DA:669,0
DA:676,1
DA:677,1
DA:678,1
DA:679,1
DA:680,1
DA:681,3
DA:682,1
DA:684,0
DA:689,0
DA:690,0
DA:691,0
DA:693,0
DA:696,0
DA:697,0
DA:699,0
DA:700,0
DA:719,1
LF:273
LH:139
end_of_record
SF:lib\widgets\pie_chart_with_legend.dart
DA:7,0
DA:17,0
DA:23,0
DA:25,0
DA:27,0
DA:29,0
DA:30,0
DA:31,0
DA:32,0
DA:33,0
DA:34,0
DA:38,0
DA:39,0
DA:40,0
DA:41,0
DA:44,0
DA:47,0
DA:48,0
DA:63,0
DA:65,0
DA:67,0
DA:68,0
DA:69,0
DA:70,0
DA:71,0
DA:72,0
DA:73,0
DA:75,0
DA:76,0
DA:80,0
DA:84,0
LF:31
LH:0
end_of_record
SF:lib\widgets\numeric_keyboard.dart
DA:9,1
DA:17,1
DA:18,1
DA:22,1
DA:23,3
DA:25,1
DA:26,2
DA:28,2
DA:31,1
DA:32,1
DA:33,1
DA:34,1
DA:35,0
DA:37,4
DA:39,5
DA:40,1
DA:42,0
DA:44,0
DA:47,0
DA:49,0
DA:52,1
DA:53,0
DA:55,1
DA:56,1
DA:57,2
DA:59,4
DA:62,2
DA:63,3
DA:64,3
DA:66,3
DA:67,1
DA:69,1
DA:70,3
DA:73,0
DA:74,0
DA:79,0
DA:80,0
DA:81,0
DA:82,0
DA:84,0
DA:85,0
DA:87,0
DA:88,0
DA:90,0
DA:91,0
DA:94,1
DA:95,4
DA:99,4
DA:100,5
DA:104,6
DA:107,0
DA:108,0
DA:109,0
DA:110,0
DA:112,0
DA:115,0
DA:116,0
DA:120,1
DA:121,3
DA:122,3
DA:125,1
DA:126,1
DA:127,1
DA:129,1
DA:130,2
DA:131,1
DA:133,1
DA:134,1
DA:137,1
DA:143,1
DA:145,1
DA:147,1
DA:148,5
DA:149,5
DA:150,5
DA:151,1
DA:152,1
DA:153,3
DA:154,1
DA:155,1
DA:156,1
DA:158,1
DA:159,1
DA:160,1
DA:162,1
DA:163,1
DA:172,2
DA:173,1
DA:174,1
DA:175,1
DA:176,1
DA:178,1
DA:179,1
DA:180,1
DA:182,1
DA:183,1
LF:96
LH:71
end_of_record
